# JRE version: OpenJDK Runtime Environment Temurin-21.0.9+10 (21.0.9+10) (build 21.0.9+10-LTS)
# Java VM: OpenJDK 64-Bit Server VM Temurin-21.0.9+10 (21.0.9+10-LTS, mixed mode, sharing, tiered, compressed oops, compressed class ptrs, parallel gc, windows-amd64)
GC Precious Log:
 CardTable entry size: 512
 CPUs: 4 total, 4 available
 Memory: 8073M
 Large Page Support: Disabled
 NUMA Support: Disabled
 Compressed Oops: Enabled (32-bit)
 Alignments: Space 512K, Generation 512K, Heap 2M
 Heap Min Capacity: 100M
 Heap Initial Capacity: 100M
 Heap Max Capacity: 2G
 Pre-touch: Disabled
 Parallel Workers: 4
Heap:
 PSYoungGen      total 3072K, used 1276K [0x00000000d5580000, 0x00000000d5a00000, 0x0000000100000000)
  eden space 2560K, 43% used [0x00000000d5580000,0x00000000d5697078,0x00000000d5800000)
  from space 512K, 31% used [0x00000000d5980000,0x00000000d59a8000,0x00000000d5a00000)
  to   space 512K, 0% used [0x00000000d5900000,0x00000000d5900000,0x00000000d5980000)
 ParOldGen       total 505856K, used 505561K [0x0000000080000000, 0x000000009ee00000, 0x00000000d5580000)
  object space 505856K, 99% used [0x0000000080000000,0x000000009edb6678,0x000000009ee00000)
 Metaspace       used 89257K, committed 91008K, reserved 1179648K
  class space    used 9259K, committed 10048K, reserved 1048576K
GC Heap History (20 events):
Event: 5242.831 GC heap before
{Heap before GC invocations=1257 (full 4):
 PSYoungGen      total 3584K, used 3584K [0x00000000d5580000, 0x00000000d5c00000, 0x0000000100000000)
  eden space 2048K, 100% used [0x00000000d5580000,0x00000000d5780000,0x00000000d5780000)
  from space 1536K, 100% used [0x00000000d5a80000,0x00000000d5c00000,0x00000000d5c00000)
  to   space 2048K, 0% used [0x00000000d5800000,0x00000000d5800000,0x00000000d5a00000)
 ParOldGen       total 502784K, used 502761K [0x0000000080000000, 0x000000009eb00000, 0x00000000d5580000)
  object space 502784K, 99% used [0x0000000080000000,0x000000009eafa5f8,0x000000009eb00000)
 Metaspace       used 89170K, committed 90880K, reserved 1179648K
  class space    used 9250K, committed 10048K, reserved 1048576K
}
Event: 5242.837 GC heap after
{Heap after GC invocations=1257 (full 4):
 PSYoungGen      total 3584K, used 1104K [0x00000000d5580000, 0x00000000d5b00000, 0x0000000100000000)
  eden space 2048K, 0% used [0x00000000d5580000,0x00000000d5580000,0x00000000d5780000)
  from space 1536K, 71% used [0x00000000d5800000,0x00000000d5914000,0x00000000d5980000)
  to   space 1536K, 0% used [0x00000000d5980000,0x00000000d5980000,0x00000000d5b00000)
 ParOldGen       total 504320K, used 504281K [0x0000000080000000, 0x000000009ec80000, 0x00000000d5580000)
  object space 504320K, 99% used [0x0000000080000000,0x000000009ec765f8,0x000000009ec80000)
 Metaspace       used 89170K, committed 90880K, reserved 1179648K
  class space    used 9250K, committed 10048K, reserved 1048576K
}
Event: 5242.847 GC heap before
{Heap before GC invocations=1258 (full 4):
 PSYoungGen      total 3584K, used 3152K [0x00000000d5580000, 0x00000000d5b00000, 0x0000000100000000)
  eden space 2048K, 100% used [0x00000000d5580000,0x00000000d5780000,0x00000000d5780000)
  from space 1536K, 71% used [0x00000000d5800000,0x00000000d5914000,0x00000000d5980000)
  to   space 1536K, 0% used [0x00000000d5980000,0x00000000d5980000,0x00000000d5b00000)
 ParOldGen       total 504320K, used 504281K [0x0000000080000000, 0x000000009ec80000, 0x00000000d5580000)
  object space 504320K, 99% used [0x0000000080000000,0x000000009ec765f8,0x000000009ec80000)
 Metaspace       used 89177K, committed 90944K, reserved 1179648K
  class space    used 9250K, committed 10048K, reserved 1048576K
}
Event: 5242.852 GC heap after
{Heap after GC invocations=1258 (full 4):
 PSYoungGen      total 3072K, used 384K [0x00000000d5580000, 0x00000000d5a00000, 0x0000000100000000)
  eden space 2560K, 0% used [0x00000000d5580000,0x00000000d5580000,0x00000000d5800000)
  from space 512K, 75% used [0x00000000d5980000,0x00000000d59e0000,0x00000000d5a00000)
  to   space 1024K, 0% used [0x00000000d5800000,0x00000000d5800000,0x00000000d5900000)
 ParOldGen       total 505344K, used 505161K [0x0000000080000000, 0x000000009ed80000, 0x00000000d5580000)
  object space 505344K, 99% used [0x0000000080000000,0x000000009ed525f8,0x000000009ed80000)
 Metaspace       used 89177K, committed 90944K, reserved 1179648K
  class space    used 9250K, committed 10048K, reserved 1048576K
}
Event: 5243.146 GC heap before
{Heap before GC invocations=1259 (full 4):
 PSYoungGen      total 3072K, used 2944K [0x00000000d5580000, 0x00000000d5a00000, 0x0000000100000000)
  eden space 2560K, 100% used [0x00000000d5580000,0x00000000d5800000,0x00000000d5800000)
  from space 512K, 75% used [0x00000000d5980000,0x00000000d59e0000,0x00000000d5a00000)
  to   space 1024K, 0% used [0x00000000d5800000,0x00000000d5800000,0x00000000d5900000)
 ParOldGen       total 505344K, used 505161K [0x0000000080000000, 0x000000009ed80000, 0x00000000d5580000)
  object space 505344K, 99% used [0x0000000080000000,0x000000009ed525f8,0x000000009ed80000)
 Metaspace       used 89179K, committed 90944K, reserved 1179648K
  class space    used 9250K, committed 10048K, reserved 1048576K
}
Event: 5243.150 GC heap after
{Heap after GC invocations=1259 (full 4):
 PSYoungGen      total 3584K, used 176K [0x00000000d5580000, 0x00000000d5a00000, 0x0000000100000000)
  eden space 2560K, 0% used [0x00000000d5580000,0x00000000d5580000,0x00000000d5800000)
  from space 1024K, 17% used [0x00000000d5800000,0x00000000d582c010,0x00000000d5900000)
  to   space 512K, 0% used [0x00000000d5980000,0x00000000d5980000,0x00000000d5a00000)
 ParOldGen       total 505344K, used 505185K [0x0000000080000000, 0x000000009ed80000, 0x00000000d5580000)
  object space 505344K, 99% used [0x0000000080000000,0x000000009ed585f8,0x000000009ed80000)
 Metaspace       used 89179K, committed 90944K, reserved 1179648K
  class space    used 9250K, committed 10048K, reserved 1048576K
}
Event: 5243.810 GC heap before
{Heap before GC invocations=1260 (full 4):
 PSYoungGen      total 3584K, used 2736K [0x00000000d5580000, 0x00000000d5a00000, 0x0000000100000000)
  eden space 2560K, 100% used [0x00000000d5580000,0x00000000d5800000,0x00000000d5800000)
  from space 1024K, 17% used [0x00000000d5800000,0x00000000d582c010,0x00000000d5900000)
  to   space 512K, 0% used [0x00000000d5980000,0x00000000d5980000,0x00000000d5a00000)
 ParOldGen       total 505344K, used 505185K [0x0000000080000000, 0x000000009ed80000, 0x00000000d5580000)
  object space 505344K, 99% used [0x0000000080000000,0x000000009ed585f8,0x000000009ed80000)
 Metaspace       used 89187K, committed 90944K, reserved 1179648K
  class space    used 9250K, committed 10048K, reserved 1048576K
}
Event: 5243.845 GC heap after
{Heap after GC invocations=1260 (full 4):
 PSYoungGen      total 3072K, used 336K [0x00000000d5580000, 0x00000000d5a00000, 0x0000000100000000)
  eden space 2560K, 0% used [0x00000000d5580000,0x00000000d5580000,0x00000000d5800000)
  from space 512K, 65% used [0x00000000d5980000,0x00000000d59d4030,0x00000000d5a00000)
  to   space 512K, 0% used [0x00000000d5900000,0x00000000d5900000,0x00000000d5980000)
 ParOldGen       total 505344K, used 505201K [0x0000000080000000, 0x000000009ed80000, 0x00000000d5580000)
  object space 505344K, 99% used [0x0000000080000000,0x000000009ed5c5f8,0x000000009ed80000)
 Metaspace       used 89187K, committed 90944K, reserved 1179648K
  class space    used 9250K, committed 10048K, reserved 1048576K
}
Event: 5244.077 GC heap before
{Heap before GC invocations=1261 (full 4):
 PSYoungGen      total 3072K, used 2888K [0x00000000d5580000, 0x00000000d5a00000, 0x0000000100000000)
  eden space 2560K, 99% used [0x00000000d5580000,0x00000000d57fe368,0x00000000d5800000)
  from space 512K, 65% used [0x00000000d5980000,0x00000000d59d4030,0x00000000d5a00000)
  to   space 512K, 0% used [0x00000000d5900000,0x00000000d5900000,0x00000000d5980000)
 ParOldGen       total 505344K, used 505201K [0x0000000080000000, 0x000000009ed80000, 0x00000000d5580000)
  object space 505344K, 99% used [0x0000000080000000,0x000000009ed5c5f8,0x000000009ed80000)
 Metaspace       used 89188K, committed 90944K, reserved 1179648K
  class space    used 9250K, committed 10048K, reserved 1048576K
}
Event: 5244.081 GC heap after
{Heap after GC invocations=1261 (full 4):
 PSYoungGen      total 3072K, used 128K [0x00000000d5580000, 0x00000000d5a00000, 0x0000000100000000)
  eden space 2560K, 0% used [0x00000000d5580000,0x00000000d5580000,0x00000000d5800000)
  from space 512K, 25% used [0x00000000d5900000,0x00000000d5920000,0x00000000d5980000)
  to   space 512K, 0% used [0x00000000d5980000,0x00000000d5980000,0x00000000d5a00000)
 ParOldGen       total 505856K, used 505369K [0x0000000080000000, 0x000000009ee00000, 0x00000000d5580000)
  object space 505856K, 99% used [0x0000000080000000,0x000000009ed86658,0x000000009ee00000)
 Metaspace       used 89188K, committed 90944K, reserved 1179648K
  class space    used 9250K, committed 10048K, reserved 1048576K
}
Event: 5394.065 GC heap before
{Heap before GC invocations=1262 (full 4):
 PSYoungGen      total 3072K, used 2686K [0x00000000d5580000, 0x00000000d5a00000, 0x0000000100000000)
  eden space 2560K, 99% used [0x00000000d5580000,0x00000000d57ffb90,0x00000000d5800000)
  from space 512K, 25% used [0x00000000d5900000,0x00000000d5920000,0x00000000d5980000)
  to   space 512K, 0% used [0x00000000d5980000,0x00000000d5980000,0x00000000d5a00000)
 ParOldGen       total 505856K, used 505369K [0x0000000080000000, 0x000000009ee00000, 0x00000000d5580000)
  object space 505856K, 99% used [0x0000000080000000,0x000000009ed86658,0x000000009ee00000)
 Metaspace       used 89192K, committed 90944K, reserved 1179648K
  class space    used 9250K, committed 10048K, reserved 1048576K
}
Event: 5394.069 GC heap after
{Heap after GC invocations=1262 (full 4):
 PSYoungGen      total 3072K, used 128K [0x00000000d5580000, 0x00000000d5a00000, 0x0000000100000000)
  eden space 2560K, 0% used [0x00000000d5580000,0x00000000d5580000,0x00000000d5800000)
  from space 512K, 25% used [0x00000000d5980000,0x00000000d59a0000,0x00000000d5a00000)
  to   space 512K, 0% used [0x00000000d5900000,0x00000000d5900000,0x00000000d5980000)
 ParOldGen       total 505856K, used 505385K [0x0000000080000000, 0x000000009ee00000, 0x00000000d5580000)
  object space 505856K, 99% used [0x0000000080000000,0x000000009ed8a658,0x000000009ee00000)
 Metaspace       used 89192K, committed 90944K, reserved 1179648K
  class space    used 9250K, committed 10048K, reserved 1048576K
}
Event: 5519.293 GC heap before
{Heap before GC invocations=1263 (full 4):
 PSYoungGen      total 3072K, used 2688K [0x00000000d5580000, 0x00000000d5a00000, 0x0000000100000000)
  eden space 2560K, 100% used [0x00000000d5580000,0x00000000d5800000,0x00000000d5800000)
  from space 512K, 25% used [0x00000000d5980000,0x00000000d59a0000,0x00000000d5a00000)
  to   space 512K, 0% used [0x00000000d5900000,0x00000000d5900000,0x00000000d5980000)
 ParOldGen       total 505856K, used 505385K [0x0000000080000000, 0x000000009ee00000, 0x00000000d5580000)
  object space 505856K, 99% used [0x0000000080000000,0x000000009ed8a658,0x000000009ee00000)
 Metaspace       used 89196K, committed 90944K, reserved 1179648K
  class space    used 9250K, committed 10048K, reserved 1048576K
}
Event: 5519.298 GC heap after
{Heap after GC invocations=1263 (full 4):
 PSYoungGen      total 3072K, used 224K [0x00000000d5580000, 0x00000000d5a00000, 0x0000000100000000)
  eden space 2560K, 0% used [0x00000000d5580000,0x00000000d5580000,0x00000000d5800000)
  from space 512K, 43% used [0x00000000d5900000,0x00000000d5938020,0x00000000d5980000)
  to   space 512K, 0% used [0x00000000d5980000,0x00000000d5980000,0x00000000d5a00000)
 ParOldGen       total 505856K, used 505409K [0x0000000080000000, 0x000000009ee00000, 0x00000000d5580000)
  object space 505856K, 99% used [0x0000000080000000,0x000000009ed90658,0x000000009ee00000)
 Metaspace       used 89196K, committed 90944K, reserved 1179648K
  class space    used 9250K, committed 10048K, reserved 1048576K
}
Event: 5520.179 GC heap before
{Heap before GC invocations=1264 (full 4):
 PSYoungGen      total 3072K, used 2736K [0x00000000d5580000, 0x00000000d5a00000, 0x0000000100000000)
  eden space 2560K, 98% used [0x00000000d5580000,0x00000000d57f40c8,0x00000000d5800000)
  from space 512K, 43% used [0x00000000d5900000,0x00000000d5938020,0x00000000d5980000)
  to   space 512K, 0% used [0x00000000d5980000,0x00000000d5980000,0x00000000d5a00000)
 ParOldGen       total 505856K, used 505409K [0x0000000080000000, 0x000000009ee00000, 0x00000000d5580000)
  object space 505856K, 99% used [0x0000000080000000,0x000000009ed90658,0x000000009ee00000)
 Metaspace       used 89227K, committed 90944K, reserved 1179648K
  class space    used 9257K, committed 10048K, reserved 1048576K
}
Event: 5520.183 GC heap after
{Heap after GC invocations=1264 (full 4):
 PSYoungGen      total 3072K, used 96K [0x00000000d5580000, 0x00000000d5a00000, 0x0000000100000000)
  eden space 2560K, 0% used [0x00000000d5580000,0x00000000d5580000,0x00000000d5800000)
  from space 512K, 18% used [0x00000000d5980000,0x00000000d5998000,0x00000000d5a00000)
  to   space 512K, 0% used [0x00000000d5900000,0x00000000d5900000,0x00000000d5980000)
 ParOldGen       total 505856K, used 505505K [0x0000000080000000, 0x000000009ee00000, 0x00000000d5580000)
  object space 505856K, 99% used [0x0000000080000000,0x000000009eda8678,0x000000009ee00000)
 Metaspace       used 89227K, committed 90944K, reserved 1179648K
  class space    used 9257K, committed 10048K, reserved 1048576K
}
Event: 5551.726 GC heap before
{Heap before GC invocations=1265 (full 4):
 PSYoungGen      total 3072K, used 2655K [0x00000000d5580000, 0x00000000d5a00000, 0x0000000100000000)
  eden space 2560K, 99% used [0x00000000d5580000,0x00000000d57fffe8,0x00000000d5800000)
  from space 512K, 18% used [0x00000000d5980000,0x00000000d5998000,0x00000000d5a00000)
  to   space 512K, 0% used [0x00000000d5900000,0x00000000d5900000,0x00000000d5980000)
 ParOldGen       total 505856K, used 505505K [0x0000000080000000, 0x000000009ee00000, 0x00000000d5580000)
  object space 505856K, 99% used [0x0000000080000000,0x000000009eda8678,0x000000009ee00000)
 Metaspace       used 89248K, committed 91008K, reserved 1179648K
  class space    used 9259K, committed 10048K, reserved 1048576K
}
Event: 5551.729 GC heap after
{Heap after GC invocations=1265 (full 4):
 PSYoungGen      total 3072K, used 160K [0x00000000d5580000, 0x00000000d5a00000, 0x0000000100000000)
  eden space 2560K, 0% used [0x00000000d5580000,0x00000000d5580000,0x00000000d5800000)
  from space 512K, 31% used [0x00000000d5900000,0x00000000d5928000,0x00000000d5980000)
  to   space 512K, 0% used [0x00000000d5980000,0x00000000d5980000,0x00000000d5a00000)
 ParOldGen       total 505856K, used 505529K [0x0000000080000000, 0x000000009ee00000, 0x00000000d5580000)
  object space 505856K, 99% used [0x0000000080000000,0x000000009edae678,0x000000009ee00000)
 Metaspace       used 89248K, committed 91008K, reserved 1179648K
  class space    used 9259K, committed 10048K, reserved 1048576K
}
Event: 5552.471 GC heap before
{Heap before GC invocations=1266 (full 4):
 PSYoungGen      total 3072K, used 2720K [0x00000000d5580000, 0x00000000d5a00000, 0x0000000100000000)
  eden space 2560K, 100% used [0x00000000d5580000,0x00000000d5800000,0x00000000d5800000)
  from space 512K, 31% used [0x00000000d5900000,0x00000000d5928000,0x00000000d5980000)
  to   space 512K, 0% used [0x00000000d5980000,0x00000000d5980000,0x00000000d5a00000)
 ParOldGen       total 505856K, used 505529K [0x0000000080000000, 0x000000009ee00000, 0x00000000d5580000)
  object space 505856K, 99% used [0x0000000080000000,0x000000009edae678,0x000000009ee00000)
 Metaspace       used 89251K, committed 91008K, reserved 1179648K
  class space    used 9259K, committed 10048K, reserved 1048576K
}
Event: 5552.474 GC heap after
{Heap after GC invocations=1266 (full 4):
 PSYoungGen      total 3072K, used 160K [0x00000000d5580000, 0x00000000d5a00000, 0x0000000100000000)
  eden space 2560K, 0% used [0x00000000d5580000,0x00000000d5580000,0x00000000d5800000)
  from space 512K, 31% used [0x00000000d5980000,0x00000000d59a8000,0x00000000d5a00000)
  to   space 512K, 0% used [0x00000000d5900000,0x00000000d5900000,0x00000000d5980000)
 ParOldGen       total 505856K, used 505561K [0x0000000080000000, 0x000000009ee00000, 0x00000000d5580000)
  object space 505856K, 99% used [0x0000000080000000,0x000000009edb6678,0x000000009ee00000)
 Metaspace       used 89251K, committed 91008K, reserved 1179648K
  class space    used 9259K, committed 10048K, reserved 1048576K
}

